#
# A fatal error has been detected by the Java Runtime Environment:
#
#  Internal Error (javaClasses.cpp:136), pid=17344, tid=14072
#  fatal error: Invalid layout of preloaded class
#
# JRE version:  (7.0_51-b13) (build )
# Java VM: Java HotSpot(TM) 64-Bit Server VM (24.51-b03 mixed mode windows-amd64 compressed oops)
# Failed to write core dump. Minidumps are not enabled by default on client versions of Windows
#
# If you would like to submit a bug report, please visit:
#   http://bugreport.sun.com/bugreport/crash.jsp
#

---------------  T H R E A D  ---------------

Current thread (0x0000000000f4d800):  JavaThread "Unknown thread" [_thread_in_vm, id=14072, stack(0x00000000027b0000,0x00000000028b0000)]

Stack: [0x00000000027b0000,0x00000000028b0000]

---------------  P R O C E S S  ---------------

Java Threads: ( => current thread )

Other Threads:

=>0x0000000000f4d800 (exited) JavaThread "Unknown thread" [_thread_in_vm, id=14072, stack(0x00000000027b0000,0x00000000028b0000)]

VM state:not at safepoint (not fully initialized)

VM Mutex/Monitor currently owned by a thread: None

GC Heap History (0 events):
No events

Deoptimization events (0 events):
No events

Internal exceptions (0 events):
No events

Events (10 events):
Event: 0.008 loading class 0x00000000028ff3d0 done
Event: 0.008 loading class 0x00000000028fedf0 done
Event: 0.008 loading class 0x00000000028fedd0
Event: 0.009 loading class 0x0000000002906ed0
Event: 0.009 loading class 0x0000000002906ed0 done
Event: 0.009 loading class 0x0000000002906f00
Event: 0.009 loading class 0x0000000002906f00 done
Event: 0.009 loading class 0x0000000002906f30
Event: 0.009 loading class 0x0000000002906f30 done
Event: 0.009 loading class 0x00000000028fedd0 done


Dynamic libraries:
0x00007ff7bfde0000 - 0x00007ff7bfe13000 	C:\Java\jre7\bin\javaw.exe
0x00007ffe4d0f0000 - 0x00007ffe4d299000 	C:\WINDOWS\SYSTEM32\ntdll.dll
0x00007ffe4c010000 - 0x00007ffe4c149000 	C:\WINDOWS\system32\KERNEL32.DLL
0x00007ffe4a870000 - 0x00007ffe4a97f000 	C:\WINDOWS\system32\KERNELBASE.dll
0x00007ffe49030000 - 0x00007ffe490bb000 	C:\WINDOWS\system32\apphelp.dll
0x00007ffe3bfb0000 - 0x00007ffe3bfff000 	C:\WINDOWS\AppPatch\AppPatch64\AcGenral.DLL
0x00007ffe4ca20000 - 0x00007ffe4cac7000 	C:\WINDOWS\system32\msvcrt.dll
0x00007ffe4a240000 - 0x00007ffe4a26b000 	C:\WINDOWS\SYSTEM32\SspiCli.dll
0x00007ffe4c150000 - 0x00007ffe4c1a1000 	C:\WINDOWS\system32\SHLWAPI.dll
0x00007ffe4cec0000 - 0x00007ffe4d031000 	C:\WINDOWS\system32\USER32.dll
0x00007ffe4bde0000 - 0x00007ffe4bf56000 	C:\WINDOWS\system32\ole32.dll
0x00007ffe4a9d0000 - 0x00007ffe4bddf000 	C:\WINDOWS\system32\SHELL32.dll
0x00007ffe49a10000 - 0x00007ffe49a2f000 	C:\WINDOWS\SYSTEM32\USERENV.dll
0x00007ffe4d040000 - 0x00007ffe4d0e5000 	C:\WINDOWS\system32\ADVAPI32.dll
0x00007ffe40990000 - 0x00007ffe409ab000 	C:\WINDOWS\SYSTEM32\MPR.dll
0x00007ffe4c830000 - 0x00007ffe4c966000 	C:\WINDOWS\system32\RPCRT4.dll
0x00007ffe4c5d0000 - 0x00007ffe4c627000 	C:\WINDOWS\SYSTEM32\sechost.dll
0x00007ffe4c650000 - 0x00007ffe4c827000 	C:\WINDOWS\SYSTEM32\combase.dll
0x00007ffe4cad0000 - 0x00007ffe4cc15000 	C:\WINDOWS\system32\GDI32.dll
0x00007ffe4a470000 - 0x00007ffe4a484000 	C:\WINDOWS\SYSTEM32\profapi.dll
0x00007ffe485d0000 - 0x00007ffe48671000 	C:\WINDOWS\SYSTEM32\SHCORE.dll
0x00007ffe4a990000 - 0x00007ffe4a9c4000 	C:\WINDOWS\system32\IMM32.DLL
0x00007ffe4c270000 - 0x00007ffe4c3a8000 	C:\WINDOWS\system32\MSCTF.dll
0x00007ffe4a3f0000 - 0x00007ffe4a456000 	C:\WINDOWS\system32\nvinitx.dll
0x00007ffe48b20000 - 0x00007ffe48d7a000 	C:\WINDOWS\WinSxS\amd64_microsoft.windows.common-controls_6595b64144ccf1df_6.0.9600.16384_none_62475f7becb72503\COMCTL32.dll
0x00000000537b0000 - 0x0000000053882000 	C:\Java\jre7\bin\msvcr100.dll
0x0000000052360000 - 0x0000000052b29000 	C:\Java\jre7\bin\server\jvm.dll
0x00007ffe41230000 - 0x00007ffe41239000 	C:\WINDOWS\SYSTEM32\WSOCK32.dll
0x00007ffe47fe0000 - 0x00007ffe47fff000 	C:\WINDOWS\SYSTEM32\WINMM.dll
0x00007ffe4c5b0000 - 0x00007ffe4c5b7000 	C:\WINDOWS\system32\PSAPI.DLL
0x00007ffe4ce60000 - 0x00007ffe4ceb8000 	C:\WINDOWS\system32\WS2_32.dll
0x00007ffe47fa0000 - 0x00007ffe47fca000 	C:\WINDOWS\SYSTEM32\WINMMBASE.dll
0x00007ffe4c5c0000 - 0x00007ffe4c5c9000 	C:\WINDOWS\system32\NSI.dll
0x00007ffe4a640000 - 0x00007ffe4a68a000 	C:\WINDOWS\SYSTEM32\cfgmgr32.dll
0x00007ffe492b0000 - 0x00007ffe492d6000 	C:\WINDOWS\SYSTEM32\DEVOBJ.dll
0x00000000538d0000 - 0x00000000538df000 	C:\Java\jre7\bin\verify.dll
0x0000000053780000 - 0x00000000537a8000 	C:\Java\jre7\bin\java.dll
0x0000000053760000 - 0x0000000053775000 	C:\Java\jre7\bin\zip.dll

VM Arguments:
jvm_args: -Dfile.encoding=UTF-8 -Xbootclasspath:C:\Program Files\ADT\sdk\platforms\android-19\android.jar 
java_command: com.stacksmashers.greenbook.SettingsActivity
Launcher Type: SUN_STANDARD

Environment Variables:
JAVA_HOME="C:\Java\jdk1.7.0_51"
PATH=C:\Program Files (x86)\NVIDIA Corporation\PhysX\Common;C:\Program Files (x86)\Intel\iCLS Client\;C:\Program Files\Intel\iCLS Client\;C:\WINDOWS\system32;C:\WINDOWS;C:\WINDOWS\System32\Wbem;C:\WINDOWS\System32\WindowsPowerShell\v1.0\;C:\Program Files\Intel\WiFi\bin\;C:\Program Files\Common Files\Intel\WirelessCommon\;C:\Program Files\Lenovo\Bluetooth Software\;C:\Program Files\Lenovo\Bluetooth Software\syswow64;;C:\Program Files\Intel\Intel(R) Management Engine Components\DAL;C:\Program Files\Intel\Intel(R) Management Engine Components\IPT;C:\Program Files (x86)\Intel\Intel(R) Management Engine Components\DAL;C:\Program Files (x86)\Intel\Intel(R) Management Engine Components\IPT;C:\Program Files (x86)\Calibre2\;C:\Program Files (x86)\PharosSystems\Core;C:\Program Files\Intel\WiFi\bin\;C:\Program Files\Common Files\Intel\WirelessCommon\;GRADLE_HOME\bin;C:\Java\jdk1.7.0_51\bin;;.;;.;;.;
USERNAME=Ravish
OS=Windows_NT
PROCESSOR_IDENTIFIER=Intel64 Family 6 Model 58 Stepping 9, GenuineIntel



---------------  S Y S T E M  ---------------

OS: Windows 8 , 64 bit Build 9200 

CPU:total 8 (4 cores per cpu, 2 threads per core) family 6 model 58 stepping 9, cmov, cx8, fxsr, mmx, sse, sse2, sse3, ssse3, sse4.1, sse4.2, popcnt, avx, aes, erms, ht, tsc, tscinvbit, tscinv

Memory: 4k page, physical 8288616k(2125812k free), swap 17201512k(7875768k free)

vm_info: Java HotSpot(TM) 64-Bit Server VM (24.51-b03) for windows-amd64 JRE (1.7.0_51-b13), built on Dec 18 2013 18:40:56 by "java_re" with unknown MS VC++:1600

time: Mon Mar 17 19:15:38 2014
elapsed time: 0 seconds

