#
# A fatal error has been detected by the Java Runtime Environment:
#
#  Internal Error (javaClasses.cpp:136), pid=8040, tid=1564
#  fatal error: Invalid layout of preloaded class
#
# JRE version:  (7.0_51-b13) (build )
# Java VM: Java HotSpot(TM) 64-Bit Server VM (24.51-b03 mixed mode windows-amd64 compressed oops)
# Failed to write core dump. Minidumps are not enabled by default on client versions of Windows
#
# If you would like to submit a bug report, please visit:
#   http://bugreport.sun.com/bugreport/crash.jsp
#

---------------  T H R E A D  ---------------

Current thread (0x00000000027e0800):  JavaThread "Unknown thread" [_thread_in_vm, id=1564, stack(0x0000000002600000,0x0000000002700000)]

Stack: [0x0000000002600000,0x0000000002700000]

---------------  P R O C E S S  ---------------

Java Threads: ( => current thread )

Other Threads:

=>0x00000000027e0800 (exited) JavaThread "Unknown thread" [_thread_in_vm, id=1564, stack(0x0000000002600000,0x0000000002700000)]

VM state:not at safepoint (not fully initialized)

VM Mutex/Monitor currently owned by a thread: None

GC Heap History (0 events):
No events

Deoptimization events (0 events):
No events

Internal exceptions (0 events):
No events

Events (10 events):
Event: 0.009 loading class 0x000000000282ea90 done
Event: 0.009 loading class 0x000000000282e4b0 done
Event: 0.009 loading class 0x000000000282e490
Event: 0.009 loading class 0x0000000002836590
Event: 0.009 loading class 0x0000000002836590 done
Event: 0.009 loading class 0x00000000028365c0
Event: 0.009 loading class 0x00000000028365c0 done
Event: 0.009 loading class 0x00000000028365f0
Event: 0.009 loading class 0x00000000028365f0 done
Event: 0.009 loading class 0x000000000282e490 done


Dynamic libraries:
0x00007ff6de5e0000 - 0x00007ff6de613000 	C:\Java\jre7\bin\javaw.exe
0x00007ffe3ba70000 - 0x00007ffe3bc19000 	C:\WINDOWS\SYSTEM32\ntdll.dll
0x00007ffe399f0000 - 0x00007ffe39b29000 	C:\WINDOWS\system32\KERNEL32.DLL
0x00007ffe391f0000 - 0x00007ffe392ff000 	C:\WINDOWS\system32\KERNELBASE.dll
0x00007ffe379b0000 - 0x00007ffe37a3b000 	C:\WINDOWS\system32\apphelp.dll
0x00007ffe30cc0000 - 0x00007ffe30d0f000 	C:\WINDOWS\AppPatch\AppPatch64\AcGenral.DLL
0x00007ffe3b610000 - 0x00007ffe3b6b7000 	C:\WINDOWS\system32\msvcrt.dll
0x00007ffe38bc0000 - 0x00007ffe38beb000 	C:\WINDOWS\SYSTEM32\SspiCli.dll
0x00007ffe39390000 - 0x00007ffe393e1000 	C:\WINDOWS\system32\SHLWAPI.dll
0x00007ffe3b8f0000 - 0x00007ffe3ba61000 	C:\WINDOWS\system32\USER32.dll
0x00007ffe3b380000 - 0x00007ffe3b4f6000 	C:\WINDOWS\system32\ole32.dll
0x00007ffe39b30000 - 0x00007ffe3af3f000 	C:\WINDOWS\system32\SHELL32.dll
0x00007ffe383f0000 - 0x00007ffe3840f000 	C:\WINDOWS\SYSTEM32\USERENV.dll
0x00007ffe3b6c0000 - 0x00007ffe3b765000 	C:\WINDOWS\system32\ADVAPI32.dll
0x00007ffe2f4d0000 - 0x00007ffe2f4eb000 	C:\WINDOWS\SYSTEM32\MPR.dll
0x00007ffe3b240000 - 0x00007ffe3b376000 	C:\WINDOWS\system32\RPCRT4.dll
0x00007ffe3afb0000 - 0x00007ffe3b007000 	C:\WINDOWS\SYSTEM32\sechost.dll
0x00007ffe393f0000 - 0x00007ffe395c7000 	C:\WINDOWS\SYSTEM32\combase.dll
0x00007ffe3b0d0000 - 0x00007ffe3b215000 	C:\WINDOWS\system32\GDI32.dll
0x00007ffe38df0000 - 0x00007ffe38e04000 	C:\WINDOWS\SYSTEM32\profapi.dll
0x00007ffe37740000 - 0x00007ffe377e1000 	C:\WINDOWS\SYSTEM32\SHCORE.dll
0x00007ffe3b8b0000 - 0x00007ffe3b8e4000 	C:\WINDOWS\system32\IMM32.DLL
0x00007ffe3b770000 - 0x00007ffe3b8a8000 	C:\WINDOWS\system32\MSCTF.dll
0x00007ffe38d70000 - 0x00007ffe38dd6000 	C:\WINDOWS\system32\nvinitx.dll
0x00007ffe370c0000 - 0x00007ffe3731a000 	C:\WINDOWS\WinSxS\amd64_microsoft.windows.common-controls_6595b64144ccf1df_6.0.9600.16384_none_62475f7becb72503\COMCTL32.dll
0x0000000067f80000 - 0x0000000068052000 	C:\Java\jre7\bin\msvcr100.dll
0x0000000066d50000 - 0x0000000067519000 	C:\Java\jre7\bin\server\jvm.dll
0x00007ffe2f690000 - 0x00007ffe2f699000 	C:\WINDOWS\SYSTEM32\WSOCK32.dll
0x00007ffe37320000 - 0x00007ffe3733f000 	C:\WINDOWS\SYSTEM32\WINMM.dll
0x00007ffe39380000 - 0x00007ffe39387000 	C:\WINDOWS\system32\PSAPI.DLL
0x00007ffe3af40000 - 0x00007ffe3af98000 	C:\WINDOWS\system32\WS2_32.dll
0x00007ffe36eb0000 - 0x00007ffe36eda000 	C:\WINDOWS\SYSTEM32\WINMMBASE.dll
0x00007ffe3b230000 - 0x00007ffe3b239000 	C:\WINDOWS\system32\NSI.dll
0x00007ffe38f10000 - 0x00007ffe38f5a000 	C:\WINDOWS\SYSTEM32\cfgmgr32.dll
0x00007ffe37c10000 - 0x00007ffe37c36000 	C:\WINDOWS\SYSTEM32\DEVOBJ.dll
0x00000000687a0000 - 0x00000000687af000 	C:\Java\jre7\bin\verify.dll
0x0000000067dd0000 - 0x0000000067df8000 	C:\Java\jre7\bin\java.dll
0x0000000067db0000 - 0x0000000067dc5000 	C:\Java\jre7\bin\zip.dll

VM Arguments:
jvm_args: -Dfile.encoding=Cp1252 -Xbootclasspath:C:\Program Files\ADT\sdk\platforms\android-19\android.jar 
java_command: com.stacksmashers.greenbook.AccountsActivity
Launcher Type: SUN_STANDARD

Environment Variables:
JAVA_HOME="C:\Java\jdk1.7.0_51"
PATH=C:\Program Files (x86)\NVIDIA Corporation\PhysX\Common;C:\Program Files (x86)\Intel\iCLS Client\;C:\Program Files\Intel\iCLS Client\;C:\WINDOWS\system32;C:\WINDOWS;C:\WINDOWS\System32\Wbem;C:\WINDOWS\System32\WindowsPowerShell\v1.0\;C:\Program Files\Intel\WiFi\bin\;C:\Program Files\Common Files\Intel\WirelessCommon\;C:\Program Files\Lenovo\Bluetooth Software\;C:\Program Files\Lenovo\Bluetooth Software\syswow64;;C:\Program Files\Intel\Intel(R) Management Engine Components\DAL;C:\Program Files\Intel\Intel(R) Management Engine Components\IPT;C:\Program Files (x86)\Intel\Intel(R) Management Engine Components\DAL;C:\Program Files (x86)\Intel\Intel(R) Management Engine Components\IPT;C:\Program Files (x86)\Calibre2\;C:\Program Files\Intel\WiFi\bin\;C:\Program Files\Common Files\Intel\WirelessCommon\;GRADLE_HOME\bin;C:\Java\jdk1.7.0_51\bin;;.;;.;;.;
USERNAME=Ravish
OS=Windows_NT
PROCESSOR_IDENTIFIER=Intel64 Family 6 Model 58 Stepping 9, GenuineIntel



---------------  S Y S T E M  ---------------

OS: Windows 8 , 64 bit Build 9200 

CPU:total 8 (4 cores per cpu, 2 threads per core) family 6 model 58 stepping 9, cmov, cx8, fxsr, mmx, sse, sse2, sse3, ssse3, sse4.1, sse4.2, popcnt, avx, aes, erms, ht, tsc, tscinvbit, tscinv

Memory: 4k page, physical 8288616k(3382052k free), swap 13269352k(7116964k free)

vm_info: Java HotSpot(TM) 64-Bit Server VM (24.51-b03) for windows-amd64 JRE (1.7.0_51-b13), built on Dec 18 2013 18:40:56 by "java_re" with unknown MS VC++:1600

time: Fri Feb 21 14:59:27 2014
elapsed time: 0 seconds

