#
# A fatal error has been detected by the Java Runtime Environment:
#
#  Internal Error (javaClasses.cpp:136), pid=15580, tid=1624
#  fatal error: Invalid layout of preloaded class
#
# JRE version:  (7.0_51-b13) (build )
# Java VM: Java HotSpot(TM) 64-Bit Server VM (24.51-b03 mixed mode windows-amd64 compressed oops)
# Failed to write core dump. Minidumps are not enabled by default on client versions of Windows
#
# If you would like to submit a bug report, please visit:
#   http://bugreport.sun.com/bugreport/crash.jsp
#

---------------  T H R E A D  ---------------

Current thread (0x0000000001cbd800):  JavaThread "Unknown thread" [_thread_in_vm, id=1624, stack(0x0000000001d80000,0x0000000001e80000)]

Stack: [0x0000000001d80000,0x0000000001e80000]

---------------  P R O C E S S  ---------------

Java Threads: ( => current thread )

Other Threads:

=>0x0000000001cbd800 (exited) JavaThread "Unknown thread" [_thread_in_vm, id=1624, stack(0x0000000001d80000,0x0000000001e80000)]

VM state:not at safepoint (not fully initialized)

VM Mutex/Monitor currently owned by a thread: None

GC Heap History (0 events):
No events

Deoptimization events (0 events):
No events

Internal exceptions (0 events):
No events

Events (10 events):
Event: 0.008 loading class 0x0000000001ecf330 done
Event: 0.008 loading class 0x0000000001eced50 done
Event: 0.008 loading class 0x0000000001eced30
Event: 0.008 loading class 0x0000000001ed6e30
Event: 0.008 loading class 0x0000000001ed6e30 done
Event: 0.008 loading class 0x0000000001ed6e60
Event: 0.008 loading class 0x0000000001ed6e60 done
Event: 0.008 loading class 0x0000000001ed6e90
Event: 0.008 loading class 0x0000000001ed6e90 done
Event: 0.008 loading class 0x0000000001eced30 done


Dynamic libraries:
0x00007ff6f5080000 - 0x00007ff6f50b3000 	C:\Java\jre7\bin\javaw.exe
0x00007ff97fec0000 - 0x00007ff980069000 	C:\WINDOWS\SYSTEM32\ntdll.dll
0x00007ff97fd80000 - 0x00007ff97feb9000 	C:\WINDOWS\system32\KERNEL32.DLL
0x00007ff97d640000 - 0x00007ff97d74f000 	C:\WINDOWS\system32\KERNELBASE.dll
0x00007ff97be00000 - 0x00007ff97be8b000 	C:\WINDOWS\system32\apphelp.dll
0x00007ff96bae0000 - 0x00007ff96bb2f000 	C:\WINDOWS\AppPatch\AppPatch64\AcGenral.DLL
0x00007ff97dda0000 - 0x00007ff97de47000 	C:\WINDOWS\system32\msvcrt.dll
0x00007ff97cfb0000 - 0x00007ff97cfdb000 	C:\WINDOWS\SYSTEM32\SspiCli.dll
0x00007ff97dd40000 - 0x00007ff97dd91000 	C:\WINDOWS\system32\SHLWAPI.dll
0x00007ff97e220000 - 0x00007ff97e391000 	C:\WINDOWS\system32\USER32.dll
0x00007ff97fc00000 - 0x00007ff97fd76000 	C:\WINDOWS\system32\ole32.dll
0x00007ff97e3e0000 - 0x00007ff97f7ef000 	C:\WINDOWS\system32\SHELL32.dll
0x00007ff97c950000 - 0x00007ff97c96f000 	C:\WINDOWS\SYSTEM32\USERENV.dll
0x00007ff97dc90000 - 0x00007ff97dd35000 	C:\WINDOWS\system32\ADVAPI32.dll
0x00007ff974bb0000 - 0x00007ff974bcb000 	C:\WINDOWS\SYSTEM32\MPR.dll
0x00007ff97de50000 - 0x00007ff97df86000 	C:\WINDOWS\system32\RPCRT4.dll
0x00007ff97dbd0000 - 0x00007ff97dc27000 	C:\WINDOWS\SYSTEM32\sechost.dll
0x00007ff97f870000 - 0x00007ff97fa47000 	C:\WINDOWS\SYSTEM32\combase.dll
0x00007ff97fa50000 - 0x00007ff97fb95000 	C:\WINDOWS\system32\GDI32.dll
0x00007ff97d240000 - 0x00007ff97d254000 	C:\WINDOWS\SYSTEM32\profapi.dll
0x00007ff97b3a0000 - 0x00007ff97b441000 	C:\WINDOWS\SYSTEM32\SHCORE.dll
0x00007ff97e3a0000 - 0x00007ff97e3d4000 	C:\WINDOWS\system32\IMM32.DLL
0x00007ff97d9e0000 - 0x00007ff97db18000 	C:\WINDOWS\system32\MSCTF.dll
0x00007ff97d1c0000 - 0x00007ff97d226000 	C:\WINDOWS\system32\nvinitx.dll
0x00007ff97b8f0000 - 0x00007ff97bb4a000 	C:\WINDOWS\WinSxS\amd64_microsoft.windows.common-controls_6595b64144ccf1df_6.0.9600.16384_none_62475f7becb72503\COMCTL32.dll
0x0000000065300000 - 0x00000000653d2000 	C:\Java\jre7\bin\msvcr100.dll
0x0000000064b30000 - 0x00000000652f9000 	C:\Java\jre7\bin\server\jvm.dll
0x00007ff9752b0000 - 0x00007ff9752b9000 	C:\WINDOWS\SYSTEM32\WSOCK32.dll
0x00007ff97adb0000 - 0x00007ff97adcf000 	C:\WINDOWS\SYSTEM32\WINMM.dll
0x00007ff97df90000 - 0x00007ff97df97000 	C:\WINDOWS\system32\PSAPI.DLL
0x00007ff97fba0000 - 0x00007ff97fbf8000 	C:\WINDOWS\system32\WS2_32.dll
0x00007ff97ad70000 - 0x00007ff97ad9a000 	C:\WINDOWS\SYSTEM32\WINMMBASE.dll
0x00007ff97d9b0000 - 0x00007ff97d9b9000 	C:\WINDOWS\system32\NSI.dll
0x00007ff97d310000 - 0x00007ff97d35a000 	C:\WINDOWS\SYSTEM32\cfgmgr32.dll
0x00007ff97c080000 - 0x00007ff97c0a6000 	C:\WINDOWS\SYSTEM32\DEVOBJ.dll
0x0000000066bd0000 - 0x0000000066bdf000 	C:\Java\jre7\bin\verify.dll
0x0000000066ba0000 - 0x0000000066bc8000 	C:\Java\jre7\bin\java.dll
0x0000000066b80000 - 0x0000000066b95000 	C:\Java\jre7\bin\zip.dll

VM Arguments:
jvm_args: -Dfile.encoding=Cp1252 -Xbootclasspath:C:\Program Files\ADT\sdk\platforms\android-19\android.jar 
java_command: com.stacksmashers.greenbook.PieGraph
Launcher Type: SUN_STANDARD

Environment Variables:
JAVA_HOME="C:\Java\jdk1.7.0_51"
PATH=C:\Program Files (x86)\NVIDIA Corporation\PhysX\Common;C:\Program Files (x86)\Intel\iCLS Client\;C:\Program Files\Intel\iCLS Client\;C:\WINDOWS\system32;C:\WINDOWS;C:\WINDOWS\System32\Wbem;C:\WINDOWS\System32\WindowsPowerShell\v1.0\;C:\Program Files\Intel\WiFi\bin\;C:\Program Files\Common Files\Intel\WirelessCommon\;C:\Program Files\Lenovo\Bluetooth Software\;C:\Program Files\Lenovo\Bluetooth Software\syswow64;;C:\Program Files\Intel\Intel(R) Management Engine Components\DAL;C:\Program Files\Intel\Intel(R) Management Engine Components\IPT;C:\Program Files (x86)\Intel\Intel(R) Management Engine Components\DAL;C:\Program Files (x86)\Intel\Intel(R) Management Engine Components\IPT;C:\Program Files (x86)\Calibre2\;C:\Program Files (x86)\PharosSystems\Core;GRADLE_HOME\bin;C:\Java\jdk1.7.0_51\bin;.;;.;;.;;.;;.;
USERNAME=Ravish
OS=Windows_NT
PROCESSOR_IDENTIFIER=Intel64 Family 6 Model 58 Stepping 9, GenuineIntel



---------------  S Y S T E M  ---------------

OS: Windows 8 , 64 bit Build 9200 

CPU:total 8 (4 cores per cpu, 2 threads per core) family 6 model 58 stepping 9, cmov, cx8, fxsr, mmx, sse, sse2, sse3, ssse3, sse4.1, sse4.2, popcnt, avx, aes, erms, ht, tsc, tscinvbit, tscinv

Memory: 4k page, physical 8288616k(3051412k free), swap 18381160k(9862724k free)

vm_info: Java HotSpot(TM) 64-Bit Server VM (24.51-b03) for windows-amd64 JRE (1.7.0_51-b13), built on Dec 18 2013 18:40:56 by "java_re" with unknown MS VC++:1600

time: Sun Mar 23 21:54:06 2014
elapsed time: 0 seconds

