#
# A fatal error has been detected by the Java Runtime Environment:
#
#  Internal Error (javaClasses.cpp:136), pid=33448, tid=42112
#  fatal error: Invalid layout of preloaded class
#
# JRE version:  (7.0_51-b13) (build )
# Java VM: Java HotSpot(TM) 64-Bit Server VM (24.51-b03 mixed mode windows-amd64 compressed oops)
# Failed to write core dump. Minidumps are not enabled by default on client versions of Windows
#
# If you would like to submit a bug report, please visit:
#   http://bugreport.sun.com/bugreport/crash.jsp
#

---------------  T H R E A D  ---------------

Current thread (0x0000000002030800):  JavaThread "Unknown thread" [_thread_in_vm, id=42112, stack(0x0000000001f30000,0x0000000002030000)]

Stack: [0x0000000001f30000,0x0000000002030000]

---------------  P R O C E S S  ---------------

Java Threads: ( => current thread )

Other Threads:

=>0x0000000002030800 (exited) JavaThread "Unknown thread" [_thread_in_vm, id=42112, stack(0x0000000001f30000,0x0000000002030000)]

VM state:not at safepoint (not fully initialized)

VM Mutex/Monitor currently owned by a thread: None

GC Heap History (0 events):
No events

Deoptimization events (0 events):
No events

Internal exceptions (0 events):
No events

Events (10 events):
Event: 0.009 loading class 0x000000000207ea90 done
Event: 0.009 loading class 0x000000000207e4b0 done
Event: 0.009 loading class 0x000000000207e490
Event: 0.009 loading class 0x0000000002086590
Event: 0.009 loading class 0x0000000002086590 done
Event: 0.009 loading class 0x00000000020865c0
Event: 0.009 loading class 0x00000000020865c0 done
Event: 0.009 loading class 0x00000000020865f0
Event: 0.009 loading class 0x00000000020865f0 done
Event: 0.009 loading class 0x000000000207e490 done


Dynamic libraries:
0x00007ff69f4c0000 - 0x00007ff69f4f3000 	C:\Java\jre7\bin\javaw.exe
0x00007ff8157b0000 - 0x00007ff815959000 	C:\WINDOWS\SYSTEM32\ntdll.dll
0x00007ff813760000 - 0x00007ff813899000 	C:\WINDOWS\system32\KERNEL32.DLL
0x00007ff812d50000 - 0x00007ff812e5f000 	C:\WINDOWS\system32\KERNELBASE.dll
0x00007ff8116f0000 - 0x00007ff81177b000 	C:\WINDOWS\system32\apphelp.dll
0x00007ff803a00000 - 0x00007ff803a4f000 	C:\WINDOWS\AppPatch\AppPatch64\AcGenral.DLL
0x00007ff813e20000 - 0x00007ff813ec7000 	C:\WINDOWS\system32\msvcrt.dll
0x00007ff8128a0000 - 0x00007ff8128cb000 	C:\WINDOWS\SYSTEM32\SspiCli.dll
0x00007ff813dc0000 - 0x00007ff813e11000 	C:\WINDOWS\system32\SHLWAPI.dll
0x00007ff813bd0000 - 0x00007ff813d41000 	C:\WINDOWS\system32\USER32.dll
0x00007ff814020000 - 0x00007ff814196000 	C:\WINDOWS\system32\ole32.dll
0x00007ff8141a0000 - 0x00007ff8155af000 	C:\WINDOWS\system32\SHELL32.dll
0x00007ff812270000 - 0x00007ff81228f000 	C:\WINDOWS\SYSTEM32\USERENV.dll
0x00007ff8155b0000 - 0x00007ff815655000 	C:\WINDOWS\system32\ADVAPI32.dll
0x00007ff808aa0000 - 0x00007ff808abb000 	C:\WINDOWS\SYSTEM32\MPR.dll
0x00007ff813040000 - 0x00007ff813176000 	C:\WINDOWS\system32\RPCRT4.dll
0x00007ff813d50000 - 0x00007ff813da7000 	C:\WINDOWS\SYSTEM32\sechost.dll
0x00007ff8133a0000 - 0x00007ff813577000 	C:\WINDOWS\SYSTEM32\combase.dll
0x00007ff815660000 - 0x00007ff8157a5000 	C:\WINDOWS\system32\GDI32.dll
0x00007ff812b30000 - 0x00007ff812b44000 	C:\WINDOWS\SYSTEM32\profapi.dll
0x00007ff810c90000 - 0x00007ff810d31000 	C:\WINDOWS\SYSTEM32\SHCORE.dll
0x00007ff813720000 - 0x00007ff813754000 	C:\WINDOWS\system32\IMM32.DLL
0x00007ff8135e0000 - 0x00007ff813718000 	C:\WINDOWS\system32\MSCTF.dll
0x00007ff812ab0000 - 0x00007ff812b16000 	C:\WINDOWS\system32\nvinitx.dll
0x00007ff811140000 - 0x00007ff81139a000 	C:\WINDOWS\WinSxS\amd64_microsoft.windows.common-controls_6595b64144ccf1df_6.0.9600.16384_none_62475f7becb72503\COMCTL32.dll
0x00000000658e0000 - 0x00000000659b2000 	C:\Java\jre7\bin\msvcr100.dll
0x0000000065110000 - 0x00000000658d9000 	C:\Java\jre7\bin\server\jvm.dll
0x00007ff808720000 - 0x00007ff808729000 	C:\WINDOWS\SYSTEM32\WSOCK32.dll
0x00007ff80fbc0000 - 0x00007ff80fbdf000 	C:\WINDOWS\SYSTEM32\WINMM.dll
0x00007ff813db0000 - 0x00007ff813db7000 	C:\WINDOWS\system32\PSAPI.DLL
0x00007ff8138a0000 - 0x00007ff8138f8000 	C:\WINDOWS\system32\WS2_32.dll
0x00007ff80fb80000 - 0x00007ff80fbaa000 	C:\WINDOWS\SYSTEM32\WINMMBASE.dll
0x00007ff813380000 - 0x00007ff813389000 	C:\WINDOWS\system32\NSI.dll
0x00007ff812d00000 - 0x00007ff812d4a000 	C:\WINDOWS\SYSTEM32\cfgmgr32.dll
0x00007ff811950000 - 0x00007ff811976000 	C:\WINDOWS\SYSTEM32\DEVOBJ.dll
0x0000000065a00000 - 0x0000000065a0f000 	C:\Java\jre7\bin\verify.dll
0x00000000650e0000 - 0x0000000065108000 	C:\Java\jre7\bin\java.dll
0x00000000659e0000 - 0x00000000659f5000 	C:\Java\jre7\bin\zip.dll

VM Arguments:
jvm_args: -Dfile.encoding=Cp1252 -Xbootclasspath:C:\Program Files\ADT\sdk\platforms\android-19\android.jar 
java_command: com.stacksmashers.greenbook.AccountsActivity
Launcher Type: SUN_STANDARD

Environment Variables:
JAVA_HOME="C:\Java\jdk1.7.0_51"
PATH=C:\Program Files (x86)\NVIDIA Corporation\PhysX\Common;C:\Program Files (x86)\Intel\iCLS Client\;C:\Program Files\Intel\iCLS Client\;C:\WINDOWS\system32;C:\WINDOWS;C:\WINDOWS\System32\Wbem;C:\WINDOWS\System32\WindowsPowerShell\v1.0\;C:\Program Files\Intel\WiFi\bin\;C:\Program Files\Common Files\Intel\WirelessCommon\;C:\Program Files\Lenovo\Bluetooth Software\;C:\Program Files\Lenovo\Bluetooth Software\syswow64;;C:\Program Files\Intel\Intel(R) Management Engine Components\DAL;C:\Program Files\Intel\Intel(R) Management Engine Components\IPT;C:\Program Files (x86)\Intel\Intel(R) Management Engine Components\DAL;C:\Program Files (x86)\Intel\Intel(R) Management Engine Components\IPT;C:\Program Files (x86)\Calibre2\;C:\Program Files\Intel\WiFi\bin\;C:\Program Files\Common Files\Intel\WirelessCommon\;GRADLE_HOME\bin;C:\Java\jdk1.7.0_51\bin;;.;;.;;.;
USERNAME=Ravish
OS=Windows_NT
PROCESSOR_IDENTIFIER=Intel64 Family 6 Model 58 Stepping 9, GenuineIntel



---------------  S Y S T E M  ---------------

OS: Windows 8 , 64 bit Build 9200 

CPU:total 8 (4 cores per cpu, 2 threads per core) family 6 model 58 stepping 9, cmov, cx8, fxsr, mmx, sse, sse2, sse3, ssse3, sse4.1, sse4.2, popcnt, avx, aes, erms, ht, tsc, tscinvbit, tscinv

Memory: 4k page, physical 8288616k(1282228k free), swap 17984900k(2762472k free)

vm_info: Java HotSpot(TM) 64-Bit Server VM (24.51-b03) for windows-amd64 JRE (1.7.0_51-b13), built on Dec 18 2013 18:40:56 by "java_re" with unknown MS VC++:1600

time: Mon Feb 24 22:51:12 2014
elapsed time: 0 seconds

