#
# A fatal error has been detected by the Java Runtime Environment:
#
#  Internal Error (javaClasses.cpp:136), pid=2728, tid=11420
#  fatal error: Invalid layout of preloaded class
#
# JRE version:  (7.0_51-b13) (build )
# Java VM: Java HotSpot(TM) 64-Bit Server VM (24.51-b03 mixed mode windows-amd64 compressed oops)
# Failed to write core dump. Minidumps are not enabled by default on client versions of Windows
#
# If you would like to submit a bug report, please visit:
#   http://bugreport.sun.com/bugreport/crash.jsp
#

---------------  T H R E A D  ---------------

Current thread (0x00000000026c0800):  JavaThread "Unknown thread" [_thread_in_vm, id=11420, stack(0x00000000025c0000,0x00000000026c0000)]

Stack: [0x00000000025c0000,0x00000000026c0000]

---------------  P R O C E S S  ---------------

Java Threads: ( => current thread )

Other Threads:

=>0x00000000026c0800 (exited) JavaThread "Unknown thread" [_thread_in_vm, id=11420, stack(0x00000000025c0000,0x00000000026c0000)]

VM state:not at safepoint (not fully initialized)

VM Mutex/Monitor currently owned by a thread: None

GC Heap History (0 events):
No events

Deoptimization events (0 events):
No events

Internal exceptions (0 events):
No events

Events (10 events):
Event: 0.013 loading class 0x000000000270ea10 done
Event: 0.013 loading class 0x000000000270e430 done
Event: 0.013 loading class 0x000000000270e410
Event: 0.014 loading class 0x0000000002716510
Event: 0.014 loading class 0x0000000002716510 done
Event: 0.014 loading class 0x0000000002716540
Event: 0.014 loading class 0x0000000002716540 done
Event: 0.014 loading class 0x0000000002716570
Event: 0.014 loading class 0x0000000002716570 done
Event: 0.014 loading class 0x000000000270e410 done


Dynamic libraries:
0x00007ff76b460000 - 0x00007ff76b493000 	C:\Java\jre7\bin\javaw.exe
0x00007ffdf19d0000 - 0x00007ffdf1b7a000 	C:\WINDOWS\SYSTEM32\ntdll.dll
0x00007ffdf0bc0000 - 0x00007ffdf0cfa000 	C:\WINDOWS\system32\KERNEL32.DLL
0x00007ffdeef10000 - 0x00007ffdef020000 	C:\WINDOWS\system32\KERNELBASE.dll
0x00007ffded8e0000 - 0x00007ffded968000 	C:\WINDOWS\system32\apphelp.dll
0x00007ffde0a10000 - 0x00007ffde0a5f000 	C:\WINDOWS\AppPatch\AppPatch64\AcGenral.DLL
0x00007ffdf0900000 - 0x00007ffdf09a7000 	C:\WINDOWS\system32\msvcrt.dll
0x00007ffdeeb10000 - 0x00007ffdeeb3b000 	C:\WINDOWS\SYSTEM32\SspiCli.dll
0x00007ffdf0a10000 - 0x00007ffdf0a61000 	C:\WINDOWS\system32\SHLWAPI.dll
0x00007ffdf0d10000 - 0x00007ffdf0e81000 	C:\WINDOWS\system32\USER32.dll
0x00007ffdf1510000 - 0x00007ffdf1688000 	C:\WINDOWS\system32\ole32.dll
0x00007ffdef4e0000 - 0x00007ffdf08f6000 	C:\WINDOWS\system32\SHELL32.dll
0x00007ffdee2e0000 - 0x00007ffdee2ff000 	C:\WINDOWS\SYSTEM32\USERENV.dll
0x00007ffdf1400000 - 0x00007ffdf14a5000 	C:\WINDOWS\system32\ADVAPI32.dll
0x00007ffde58a0000 - 0x00007ffde58bb000 	C:\WINDOWS\SYSTEM32\MPR.dll
0x00007ffdf0fc0000 - 0x00007ffdf10f6000 	C:\WINDOWS\system32\RPCRT4.dll
0x00007ffdf1970000 - 0x00007ffdf19c7000 	C:\WINDOWS\SYSTEM32\sechost.dll
0x00007ffdef300000 - 0x00007ffdef4d6000 	C:\WINDOWS\SYSTEM32\combase.dll
0x00007ffdf0a70000 - 0x00007ffdf0bb5000 	C:\WINDOWS\system32\GDI32.dll
0x00007ffdeed40000 - 0x00007ffdeed54000 	C:\WINDOWS\SYSTEM32\profapi.dll
0x00007ffded840000 - 0x00007ffded8df000 	C:\WINDOWS\SYSTEM32\SHCORE.dll
0x00007ffdf1100000 - 0x00007ffdf1134000 	C:\WINDOWS\system32\IMM32.DLL
0x00007ffdf1690000 - 0x00007ffdf17c9000 	C:\WINDOWS\system32\MSCTF.dll
0x00007ffdeecc0000 - 0x00007ffdeed26000 	C:\WINDOWS\system32\nvinitx.dll
0x00007ffdeced0000 - 0x00007ffded12a000 	C:\WINDOWS\WinSxS\amd64_microsoft.windows.common-controls_6595b64144ccf1df_6.0.9600.16610_none_6240b829ecbd0e11\COMCTL32.dll
0x00000000680d0000 - 0x00000000681a2000 	C:\Java\jre7\bin\msvcr100.dll
0x0000000067100000 - 0x00000000678c9000 	C:\Java\jre7\bin\server\jvm.dll
0x00007ffde5a60000 - 0x00007ffde5a69000 	C:\WINDOWS\SYSTEM32\WSOCK32.dll
0x00007ffdeca10000 - 0x00007ffdeca2f000 	C:\WINDOWS\SYSTEM32\WINMM.dll
0x00007ffdf13d0000 - 0x00007ffdf13d7000 	C:\WINDOWS\system32\PSAPI.DLL
0x00007ffdf09b0000 - 0x00007ffdf0a08000 	C:\WINDOWS\system32\WS2_32.dll
0x00007ffdec790000 - 0x00007ffdec7ba000 	C:\WINDOWS\SYSTEM32\WINMMBASE.dll
0x00007ffdf0e90000 - 0x00007ffdf0e99000 	C:\WINDOWS\system32\NSI.dll
0x00007ffdef020000 - 0x00007ffdef06a000 	C:\WINDOWS\SYSTEM32\cfgmgr32.dll
0x00007ffdedb80000 - 0x00007ffdedba6000 	C:\WINDOWS\SYSTEM32\DEVOBJ.dll
0x0000000068550000 - 0x000000006855f000 	C:\Java\jre7\bin\verify.dll
0x00000000681e0000 - 0x0000000068208000 	C:\Java\jre7\bin\java.dll
0x00000000680b0000 - 0x00000000680c5000 	C:\Java\jre7\bin\zip.dll

VM Arguments:
jvm_args: -Dfile.encoding=Cp1252 -Xbootclasspath:C:\Program Files\ADT\sdk\platforms\android-19\android.jar 
java_command: com.stacksmashers.greenbook.BaseActivity
Launcher Type: SUN_STANDARD

Environment Variables:
JAVA_HOME="C:\Java\jdk1.7.0_51"
PATH=C:\Program Files (x86)\NVIDIA Corporation\PhysX\Common;C:\Program Files (x86)\Intel\iCLS Client\;C:\Program Files\Intel\iCLS Client\;C:\WINDOWS\system32;C:\WINDOWS;C:\WINDOWS\System32\Wbem;C:\WINDOWS\System32\WindowsPowerShell\v1.0\;C:\Program Files\Intel\WiFi\bin\;C:\Program Files\Common Files\Intel\WirelessCommon\;C:\Program Files\Lenovo\Bluetooth Software\;C:\Program Files\Lenovo\Bluetooth Software\syswow64;;C:\Program Files\Intel\Intel(R) Management Engine Components\DAL;C:\Program Files\Intel\Intel(R) Management Engine Components\IPT;C:\Program Files (x86)\Intel\Intel(R) Management Engine Components\DAL;C:\Program Files (x86)\Intel\Intel(R) Management Engine Components\IPT;C:\Program Files (x86)\Calibre2\;GRADLE_HOME\bin;C:\Java\jdk1.7.0_51\bin;.;;.;;.;;.;;.;
USERNAME=Ravish
OS=Windows_NT
PROCESSOR_IDENTIFIER=Intel64 Family 6 Model 58 Stepping 9, GenuineIntel



---------------  S Y S T E M  ---------------

OS: Windows 8 , 64 bit Build 9200 

CPU:total 8 (4 cores per cpu, 2 threads per core) family 6 model 58 stepping 9, cmov, cx8, fxsr, mmx, sse, sse2, sse3, ssse3, sse4.1, sse4.2, popcnt, avx, aes, erms, ht, tsc, tscinvbit, tscinv

Memory: 4k page, physical 8288620k(3312468k free), swap 13269356k(6250796k free)

vm_info: Java HotSpot(TM) 64-Bit Server VM (24.51-b03) for windows-amd64 JRE (1.7.0_51-b13), built on Dec 18 2013 18:40:56 by "java_re" with unknown MS VC++:1600

time: Mon Feb 17 18:06:23 2014
elapsed time: 0 seconds

