#
# A fatal error has been detected by the Java Runtime Environment:
#
#  Internal Error (javaClasses.cpp:136), pid=17356, tid=17532
#  fatal error: Invalid layout of preloaded class
#
# JRE version:  (7.0_51-b13) (build )
# Java VM: Java HotSpot(TM) 64-Bit Server VM (24.51-b03 mixed mode windows-amd64 compressed oops)
# Failed to write core dump. Minidumps are not enabled by default on client versions of Windows
#
# If you would like to submit a bug report, please visit:
#   http://bugreport.sun.com/bugreport/crash.jsp
#

---------------  T H R E A D  ---------------

Current thread (0x0000000002c90800):  JavaThread "Unknown thread" [_thread_in_vm, id=17532, stack(0x0000000002b30000,0x0000000002c30000)]

Stack: [0x0000000002b30000,0x0000000002c30000]

---------------  P R O C E S S  ---------------

Java Threads: ( => current thread )

Other Threads:

=>0x0000000002c90800 (exited) JavaThread "Unknown thread" [_thread_in_vm, id=17532, stack(0x0000000002b30000,0x0000000002c30000)]

VM state:not at safepoint (not fully initialized)

VM Mutex/Monitor currently owned by a thread: None

GC Heap History (0 events):
No events

Deoptimization events (0 events):
No events

Internal exceptions (0 events):
No events

Events (10 events):
Event: 0.008 loading class 0x0000000002cded30 done
Event: 0.008 loading class 0x0000000002cde750 done
Event: 0.008 loading class 0x0000000002cde730
Event: 0.008 loading class 0x0000000002ce6830
Event: 0.008 loading class 0x0000000002ce6830 done
Event: 0.008 loading class 0x0000000002ce6860
Event: 0.008 loading class 0x0000000002ce6860 done
Event: 0.008 loading class 0x0000000002ce6890
Event: 0.008 loading class 0x0000000002ce6890 done
Event: 0.009 loading class 0x0000000002cde730 done


Dynamic libraries:
0x00007ff664860000 - 0x00007ff664893000 	C:\Java\jre7\bin\javaw.exe
0x00007ffb17be0000 - 0x00007ffb17d89000 	C:\WINDOWS\SYSTEM32\ntdll.dll
0x00007ffb157e0000 - 0x00007ffb15919000 	C:\WINDOWS\system32\KERNEL32.DLL
0x00007ffb15210000 - 0x00007ffb1531f000 	C:\WINDOWS\system32\KERNELBASE.dll
0x00007ffb13b20000 - 0x00007ffb13bab000 	C:\WINDOWS\system32\apphelp.dll
0x00007ffb086a0000 - 0x00007ffb086ef000 	C:\WINDOWS\AppPatch\AppPatch64\AcGenral.DLL
0x00007ffb17a80000 - 0x00007ffb17b27000 	C:\WINDOWS\system32\msvcrt.dll
0x00007ffb14cd0000 - 0x00007ffb14cfb000 	C:\WINDOWS\SYSTEM32\SspiCli.dll
0x00007ffb176b0000 - 0x00007ffb17701000 	C:\WINDOWS\system32\SHLWAPI.dll
0x00007ffb15610000 - 0x00007ffb15781000 	C:\WINDOWS\system32\USER32.dll
0x00007ffb16f70000 - 0x00007ffb170e6000 	C:\WINDOWS\system32\ole32.dll
0x00007ffb15920000 - 0x00007ffb16d2f000 	C:\WINDOWS\system32\SHELL32.dll
0x00007ffb14500000 - 0x00007ffb1451f000 	C:\WINDOWS\SYSTEM32\USERENV.dll
0x00007ffb17b30000 - 0x00007ffb17bd5000 	C:\WINDOWS\system32\ADVAPI32.dll
0x00007ffb0ae40000 - 0x00007ffb0ae5b000 	C:\WINDOWS\SYSTEM32\MPR.dll
0x00007ffb172d0000 - 0x00007ffb17406000 	C:\WINDOWS\system32\RPCRT4.dll
0x00007ffb17960000 - 0x00007ffb179b7000 	C:\WINDOWS\SYSTEM32\sechost.dll
0x00007ffb170f0000 - 0x00007ffb172c7000 	C:\WINDOWS\SYSTEM32\combase.dll
0x00007ffb16d30000 - 0x00007ffb16e75000 	C:\WINDOWS\system32\GDI32.dll
0x00007ffb14f60000 - 0x00007ffb14f74000 	C:\WINDOWS\SYSTEM32\profapi.dll
0x00007ffb137d0000 - 0x00007ffb13871000 	C:\WINDOWS\SYSTEM32\SHCORE.dll
0x00007ffb15790000 - 0x00007ffb157c4000 	C:\WINDOWS\system32\IMM32.DLL
0x00007ffb15470000 - 0x00007ffb155a8000 	C:\WINDOWS\system32\MSCTF.dll
0x00007ffb14ee0000 - 0x00007ffb14f46000 	C:\WINDOWS\system32\nvinitx.dll
0x00007ffb12f10000 - 0x00007ffb1316a000 	C:\WINDOWS\WinSxS\amd64_microsoft.windows.common-controls_6595b64144ccf1df_6.0.9600.16384_none_62475f7becb72503\COMCTL32.dll
0x00000000671d0000 - 0x00000000672a2000 	C:\Java\jre7\bin\msvcr100.dll
0x0000000066a00000 - 0x00000000671c9000 	C:\Java\jre7\bin\server\jvm.dll
0x00007ffb0b2a0000 - 0x00007ffb0b2a9000 	C:\WINDOWS\SYSTEM32\WSOCK32.dll
0x00007ffb12b00000 - 0x00007ffb12b1f000 	C:\WINDOWS\SYSTEM32\WINMM.dll
0x00007ffb157d0000 - 0x00007ffb157d7000 	C:\WINDOWS\system32\PSAPI.DLL
0x00007ffb179c0000 - 0x00007ffb17a18000 	C:\WINDOWS\system32\WS2_32.dll
0x00007ffb12ac0000 - 0x00007ffb12aea000 	C:\WINDOWS\SYSTEM32\WINMMBASE.dll
0x00007ffb16f60000 - 0x00007ffb16f69000 	C:\WINDOWS\system32\NSI.dll
0x00007ffb15320000 - 0x00007ffb1536a000 	C:\WINDOWS\SYSTEM32\cfgmgr32.dll
0x00007ffb13da0000 - 0x00007ffb13dc6000 	C:\WINDOWS\SYSTEM32\DEVOBJ.dll
0x00000000672f0000 - 0x00000000672ff000 	C:\Java\jre7\bin\verify.dll
0x00000000669d0000 - 0x00000000669f8000 	C:\Java\jre7\bin\java.dll
0x00000000669b0000 - 0x00000000669c5000 	C:\Java\jre7\bin\zip.dll

VM Arguments:
jvm_args: -Dfile.encoding=Cp1252 -Xbootclasspath:C:\Program Files\ADT\sdk\platforms\android-19\android.jar 
java_command: com.stacksmashers.greenbook.HomeActivity
Launcher Type: SUN_STANDARD

Environment Variables:
JAVA_HOME="C:\Java\jdk1.7.0_51"
PATH=C:\Program Files (x86)\NVIDIA Corporation\PhysX\Common;C:\Program Files (x86)\Intel\iCLS Client\;C:\Program Files\Intel\iCLS Client\;C:\WINDOWS\system32;C:\WINDOWS;C:\WINDOWS\System32\Wbem;C:\WINDOWS\System32\WindowsPowerShell\v1.0\;C:\Program Files\Intel\WiFi\bin\;C:\Program Files\Common Files\Intel\WirelessCommon\;C:\Program Files\Lenovo\Bluetooth Software\;C:\Program Files\Lenovo\Bluetooth Software\syswow64;;C:\Program Files\Intel\Intel(R) Management Engine Components\DAL;C:\Program Files\Intel\Intel(R) Management Engine Components\IPT;C:\Program Files (x86)\Intel\Intel(R) Management Engine Components\DAL;C:\Program Files (x86)\Intel\Intel(R) Management Engine Components\IPT;C:\Program Files (x86)\Calibre2\;C:\Program Files\Intel\WiFi\bin\;C:\Program Files\Common Files\Intel\WirelessCommon\;GRADLE_HOME\bin;C:\Java\jdk1.7.0_51\bin;;.;;.;;.;
USERNAME=Ravish
OS=Windows_NT
PROCESSOR_IDENTIFIER=Intel64 Family 6 Model 58 Stepping 9, GenuineIntel



---------------  S Y S T E M  ---------------

OS: Windows 8 , 64 bit Build 9200 

CPU:total 8 (4 cores per cpu, 2 threads per core) family 6 model 58 stepping 9, cmov, cx8, fxsr, mmx, sse, sse2, sse3, ssse3, sse4.1, sse4.2, popcnt, avx, aes, erms, ht, tsc, tscinvbit, tscinv

Memory: 4k page, physical 8288616k(1641572k free), swap 14580072k(2453204k free)

vm_info: Java HotSpot(TM) 64-Bit Server VM (24.51-b03) for windows-amd64 JRE (1.7.0_51-b13), built on Dec 18 2013 18:40:56 by "java_re" with unknown MS VC++:1600

time: Sun Mar 02 14:34:52 2014
elapsed time: 0 seconds

