#
# A fatal error has been detected by the Java Runtime Environment:
#
#  Internal Error (javaClasses.cpp:136), pid=488, tid=9016
#  fatal error: Invalid layout of preloaded class
#
# JRE version:  (7.0_51-b13) (build )
# Java VM: Java HotSpot(TM) 64-Bit Server VM (24.51-b03 mixed mode windows-amd64 compressed oops)
# Failed to write core dump. Minidumps are not enabled by default on client versions of Windows
#
# If you would like to submit a bug report, please visit:
#   http://bugreport.sun.com/bugreport/crash.jsp
#

---------------  T H R E A D  ---------------

Current thread (0x0000000002a10800):  JavaThread "Unknown thread" [_thread_in_vm, id=9016, stack(0x0000000002910000,0x0000000002a10000)]

Stack: [0x0000000002910000,0x0000000002a10000]

---------------  P R O C E S S  ---------------

Java Threads: ( => current thread )

Other Threads:

=>0x0000000002a10800 (exited) JavaThread "Unknown thread" [_thread_in_vm, id=9016, stack(0x0000000002910000,0x0000000002a10000)]

VM state:not at safepoint (not fully initialized)

VM Mutex/Monitor currently owned by a thread: None

GC Heap History (0 events):
No events

Deoptimization events (0 events):
No events

Internal exceptions (0 events):
No events

Events (10 events):
Event: 0.011 loading class 0x0000000002a5ee90 done
Event: 0.011 loading class 0x0000000002a5e8b0 done
Event: 0.011 loading class 0x0000000002a5e890
Event: 0.011 loading class 0x0000000002a66990
Event: 0.011 loading class 0x0000000002a66990 done
Event: 0.011 loading class 0x0000000002a669c0
Event: 0.011 loading class 0x0000000002a669c0 done
Event: 0.011 loading class 0x0000000002a669f0
Event: 0.011 loading class 0x0000000002a669f0 done
Event: 0.011 loading class 0x0000000002a5e890 done


Dynamic libraries:
0x00007ff66ca70000 - 0x00007ff66caa3000 	C:\Java\jre7\bin\javaw.exe
0x00007ffaa7bc0000 - 0x00007ffaa7d69000 	C:\WINDOWS\SYSTEM32\ntdll.dll
0x00007ffaa61d0000 - 0x00007ffaa6309000 	C:\WINDOWS\system32\KERNEL32.DLL
0x00007ffaa50c0000 - 0x00007ffaa51cf000 	C:\WINDOWS\system32\KERNELBASE.dll
0x00007ffaa3b00000 - 0x00007ffaa3b8b000 	C:\WINDOWS\system32\apphelp.dll
0x00007ffa9b560000 - 0x00007ffa9b5af000 	C:\WINDOWS\AppPatch\AppPatch64\AcGenral.DLL
0x00007ffaa59b0000 - 0x00007ffaa5a57000 	C:\WINDOWS\system32\msvcrt.dll
0x00007ffaa4cb0000 - 0x00007ffaa4cdb000 	C:\WINDOWS\SYSTEM32\SspiCli.dll
0x00007ffaa5b20000 - 0x00007ffaa5b71000 	C:\WINDOWS\system32\SHLWAPI.dll
0x00007ffaa5510000 - 0x00007ffaa5681000 	C:\WINDOWS\system32\USER32.dll
0x00007ffaa5b80000 - 0x00007ffaa5cf6000 	C:\WINDOWS\system32\ole32.dll
0x00007ffaa65b0000 - 0x00007ffaa79c0000 	C:\WINDOWS\system32\SHELL32.dll
0x00007ffaa4780000 - 0x00007ffaa479f000 	C:\WINDOWS\SYSTEM32\USERENV.dll
0x00007ffaa5900000 - 0x00007ffaa59a5000 	C:\WINDOWS\system32\ADVAPI32.dll
0x00007ffa9b290000 - 0x00007ffa9b2ab000 	C:\WINDOWS\SYSTEM32\MPR.dll
0x00007ffaa63d0000 - 0x00007ffaa6506000 	C:\WINDOWS\system32\RPCRT4.dll
0x00007ffaa58a0000 - 0x00007ffaa58f7000 	C:\WINDOWS\SYSTEM32\sechost.dll
0x00007ffaa5d00000 - 0x00007ffaa5ed7000 	C:\WINDOWS\SYSTEM32\combase.dll
0x00007ffaa56a0000 - 0x00007ffaa57e5000 	C:\WINDOWS\system32\GDI32.dll
0x00007ffaa4f40000 - 0x00007ffaa4f54000 	C:\WINDOWS\SYSTEM32\profapi.dll
0x00007ffaa30a0000 - 0x00007ffaa3141000 	C:\WINDOWS\SYSTEM32\SHCORE.dll
0x00007ffaa57f0000 - 0x00007ffaa5824000 	C:\WINDOWS\system32\IMM32.DLL
0x00007ffaa6090000 - 0x00007ffaa61c8000 	C:\WINDOWS\system32\MSCTF.dll
0x00007ffaa4ec0000 - 0x00007ffaa4f26000 	C:\WINDOWS\system32\nvinitx.dll
0x00007ffaa3840000 - 0x00007ffaa3a9a000 	C:\WINDOWS\WinSxS\amd64_microsoft.windows.common-controls_6595b64144ccf1df_6.0.9600.16384_none_62475f7becb72503\COMCTL32.dll
0x0000000061b50000 - 0x0000000061c22000 	C:\Java\jre7\bin\msvcr100.dll
0x0000000061380000 - 0x0000000061b49000 	C:\Java\jre7\bin\server\jvm.dll
0x00007ffa9aab0000 - 0x00007ffa9aab9000 	C:\WINDOWS\SYSTEM32\WSOCK32.dll
0x00007ffaa2ab0000 - 0x00007ffaa2acf000 	C:\WINDOWS\SYSTEM32\WINMM.dll
0x00007ffaa5a60000 - 0x00007ffaa5a67000 	C:\WINDOWS\system32\PSAPI.DLL
0x00007ffaa6310000 - 0x00007ffaa6368000 	C:\WINDOWS\system32\WS2_32.dll
0x00007ffaa2a70000 - 0x00007ffaa2a9a000 	C:\WINDOWS\SYSTEM32\WINMMBASE.dll
0x00007ffaa5890000 - 0x00007ffaa5899000 	C:\WINDOWS\system32\NSI.dll
0x00007ffaa5400000 - 0x00007ffaa544a000 	C:\WINDOWS\SYSTEM32\cfgmgr32.dll
0x00007ffaa3d80000 - 0x00007ffaa3da6000 	C:\WINDOWS\SYSTEM32\DEVOBJ.dll
0x0000000061370000 - 0x000000006137f000 	C:\Java\jre7\bin\verify.dll
0x0000000061340000 - 0x0000000061368000 	C:\Java\jre7\bin\java.dll
0x0000000061320000 - 0x0000000061335000 	C:\Java\jre7\bin\zip.dll

VM Arguments:
jvm_args: -Dfile.encoding=UTF-8 -Xbootclasspath:C:\Program Files\ADT\sdk\platforms\android-19\android.jar 
java_command: com.stacksmashers.greenbook.Vars
Launcher Type: SUN_STANDARD

Environment Variables:
JAVA_HOME="C:\Java\jdk1.7.0_51"
PATH=C:\Program Files (x86)\NVIDIA Corporation\PhysX\Common;C:\Program Files (x86)\Intel\iCLS Client\;C:\Program Files\Intel\iCLS Client\;C:\WINDOWS\system32;C:\WINDOWS;C:\WINDOWS\System32\Wbem;C:\WINDOWS\System32\WindowsPowerShell\v1.0\;C:\Program Files\Intel\WiFi\bin\;C:\Program Files\Common Files\Intel\WirelessCommon\;C:\Program Files\Lenovo\Bluetooth Software\;C:\Program Files\Lenovo\Bluetooth Software\syswow64;;C:\Program Files\Intel\Intel(R) Management Engine Components\DAL;C:\Program Files\Intel\Intel(R) Management Engine Components\IPT;C:\Program Files (x86)\Intel\Intel(R) Management Engine Components\DAL;C:\Program Files (x86)\Intel\Intel(R) Management Engine Components\IPT;C:\Program Files (x86)\Calibre2\;C:\Program Files (x86)\PharosSystems\Core;GRADLE_HOME\bin;C:\Java\jdk1.7.0_51\bin;.;;.;;.;
USERNAME=Ravish
OS=Windows_NT
PROCESSOR_IDENTIFIER=Intel64 Family 6 Model 58 Stepping 9, GenuineIntel



---------------  S Y S T E M  ---------------

OS: Windows 8 , 64 bit Build 9200 

CPU:total 8 (4 cores per cpu, 2 threads per core) family 6 model 58 stepping 9, cmov, cx8, fxsr, mmx, sse, sse2, sse3, ssse3, sse4.1, sse4.2, popcnt, avx, aes, erms, ht, tsc, tscinvbit, tscinv

Memory: 4k page, physical 8288616k(4346156k free), swap 13793640k(9054432k free)

vm_info: Java HotSpot(TM) 64-Bit Server VM (24.51-b03) for windows-amd64 JRE (1.7.0_51-b13), built on Dec 18 2013 18:40:56 by "java_re" with unknown MS VC++:1600

time: Wed Mar 26 00:18:05 2014
elapsed time: 0 seconds

