#
# A fatal error has been detected by the Java Runtime Environment:
#
#  Internal Error (javaClasses.cpp:136), pid=5340, tid=11204
#  fatal error: Invalid layout of preloaded class
#
# JRE version:  (7.0_51-b13) (build )
# Java VM: Java HotSpot(TM) 64-Bit Server VM (24.51-b03 mixed mode windows-amd64 compressed oops)
# Failed to write core dump. Minidumps are not enabled by default on client versions of Windows
#
# If you would like to submit a bug report, please visit:
#   http://bugreport.sun.com/bugreport/crash.jsp
#

---------------  T H R E A D  ---------------

Current thread (0x00000000020ed800):  JavaThread "Unknown thread" [_thread_in_vm, id=11204, stack(0x0000000002130000,0x0000000002230000)]

Stack: [0x0000000002130000,0x0000000002230000]

---------------  P R O C E S S  ---------------

Java Threads: ( => current thread )

Other Threads:

=>0x00000000020ed800 (exited) JavaThread "Unknown thread" [_thread_in_vm, id=11204, stack(0x0000000002130000,0x0000000002230000)]

VM state:not at safepoint (not fully initialized)

VM Mutex/Monitor currently owned by a thread: None

GC Heap History (0 events):
No events

Deoptimization events (0 events):
No events

Internal exceptions (0 events):
No events

Events (10 events):
Event: 0.013 loading class 0x000000000227f2e0 done
Event: 0.013 loading class 0x000000000227ed00 done
Event: 0.013 loading class 0x000000000227ece0
Event: 0.014 loading class 0x0000000002286de0
Event: 0.014 loading class 0x0000000002286de0 done
Event: 0.014 loading class 0x0000000002286e10
Event: 0.014 loading class 0x0000000002286e10 done
Event: 0.014 loading class 0x0000000002286e40
Event: 0.014 loading class 0x0000000002286e40 done
Event: 0.014 loading class 0x000000000227ece0 done


Dynamic libraries:
0x00007ff7fe570000 - 0x00007ff7fe5a3000 	C:\Java\jre7\bin\javaw.exe
0x00007ffc07e30000 - 0x00007ffc07fd9000 	C:\WINDOWS\SYSTEM32\ntdll.dll
0x00007ffc07020000 - 0x00007ffc07159000 	C:\WINDOWS\system32\KERNEL32.DLL
0x00007ffc05500000 - 0x00007ffc0560f000 	C:\WINDOWS\system32\KERNELBASE.dll
0x00007ffc03d70000 - 0x00007ffc03dfb000 	C:\WINDOWS\system32\apphelp.dll
0x00007ffbf2430000 - 0x00007ffbf247f000 	C:\WINDOWS\AppPatch\AppPatch64\AcGenral.DLL
0x00007ffc07d80000 - 0x00007ffc07e27000 	C:\WINDOWS\system32\msvcrt.dll
0x00007ffc04f80000 - 0x00007ffc04fab000 	C:\WINDOWS\SYSTEM32\SspiCli.dll
0x00007ffc07930000 - 0x00007ffc07981000 	C:\WINDOWS\system32\SHLWAPI.dll
0x00007ffc07be0000 - 0x00007ffc07d51000 	C:\WINDOWS\system32\USER32.dll
0x00007ffc07610000 - 0x00007ffc07786000 	C:\WINDOWS\system32\ole32.dll
0x00007ffc05b70000 - 0x00007ffc06f80000 	C:\WINDOWS\system32\SHELL32.dll
0x00007ffc04a80000 - 0x00007ffc04a9f000 	C:\WINDOWS\SYSTEM32\USERENV.dll
0x00007ffc07180000 - 0x00007ffc07225000 	C:\WINDOWS\system32\ADVAPI32.dll
0x00007ffbfa190000 - 0x00007ffbfa1ab000 	C:\WINDOWS\SYSTEM32\MPR.dll
0x00007ffc05a30000 - 0x00007ffc05b66000 	C:\WINDOWS\system32\RPCRT4.dll
0x00007ffc059d0000 - 0x00007ffc05a27000 	C:\WINDOWS\SYSTEM32\sechost.dll
0x00007ffc07990000 - 0x00007ffc07b67000 	C:\WINDOWS\SYSTEM32\combase.dll
0x00007ffc072d0000 - 0x00007ffc07415000 	C:\WINDOWS\system32\GDI32.dll
0x00007ffc051b0000 - 0x00007ffc051c4000 	C:\WINDOWS\SYSTEM32\profapi.dll
0x00007ffc03350000 - 0x00007ffc033f1000 	C:\WINDOWS\SYSTEM32\SHCORE.dll
0x00007ffc06fe0000 - 0x00007ffc07014000 	C:\WINDOWS\system32\IMM32.DLL
0x00007ffc057d0000 - 0x00007ffc05908000 	C:\WINDOWS\system32\MSCTF.dll
0x00007ffc05130000 - 0x00007ffc05196000 	c:\windows\system32\nvinitx.dll
0x00007ffc03ab0000 - 0x00007ffc03d0a000 	C:\WINDOWS\WinSxS\amd64_microsoft.windows.common-controls_6595b64144ccf1df_6.0.9600.16384_none_62475f7becb72503\COMCTL32.dll
0x0000000056ff0000 - 0x00000000570c2000 	C:\Java\jre7\bin\msvcr100.dll
0x0000000056820000 - 0x0000000056fe9000 	C:\Java\jre7\bin\server\jvm.dll
0x00007ffbfc000000 - 0x00007ffbfc009000 	C:\WINDOWS\SYSTEM32\WSOCK32.dll
0x00007ffc02020000 - 0x00007ffc0203f000 	C:\WINDOWS\SYSTEM32\WINMM.dll
0x00007ffc07bd0000 - 0x00007ffc07bd7000 	C:\WINDOWS\system32\PSAPI.DLL
0x00007ffc07b70000 - 0x00007ffc07bc8000 	C:\WINDOWS\system32\WS2_32.dll
0x00007ffc03140000 - 0x00007ffc0316a000 	C:\WINDOWS\SYSTEM32\WINMMBASE.dll
0x00007ffc07600000 - 0x00007ffc07609000 	C:\WINDOWS\system32\NSI.dll
0x00007ffc052d0000 - 0x00007ffc0531a000 	C:\WINDOWS\SYSTEM32\cfgmgr32.dll
0x00007ffc03fd0000 - 0x00007ffc03ff6000 	C:\WINDOWS\SYSTEM32\DEVOBJ.dll
0x0000000056810000 - 0x000000005681f000 	C:\Java\jre7\bin\verify.dll
0x00000000567e0000 - 0x0000000056808000 	C:\Java\jre7\bin\java.dll
0x00000000567c0000 - 0x00000000567d5000 	C:\Java\jre7\bin\zip.dll

VM Arguments:
jvm_args: -Dfile.encoding=Cp1252 -Xbootclasspath:C:\Program Files\ADT\sdk\platforms\android-19\android.jar 
java_command: com.stacksmashers.greenbook.SettingsActivity
Launcher Type: SUN_STANDARD

Environment Variables:
JAVA_HOME="C:\Java\jdk1.7.0_51"
PATH=C:\Program Files (x86)\NVIDIA Corporation\PhysX\Common;C:\Program Files (x86)\Intel\iCLS Client\;C:\Program Files\Intel\iCLS Client\;C:\WINDOWS\system32;C:\WINDOWS;C:\WINDOWS\System32\Wbem;C:\WINDOWS\System32\WindowsPowerShell\v1.0\;C:\Program Files\Intel\WiFi\bin\;C:\Program Files\Common Files\Intel\WirelessCommon\;C:\Program Files\Lenovo\Bluetooth Software\;C:\Program Files\Lenovo\Bluetooth Software\syswow64;;C:\Program Files\Intel\Intel(R) Management Engine Components\DAL;C:\Program Files\Intel\Intel(R) Management Engine Components\IPT;C:\Program Files (x86)\Intel\Intel(R) Management Engine Components\DAL;C:\Program Files (x86)\Intel\Intel(R) Management Engine Components\IPT;C:\Program Files (x86)\Calibre2\;C:\Program Files (x86)\PharosSystems\Core;C:\Program Files (x86)\Windows Kits\8.1\Windows Performance Toolkit\;C:\Program Files\Microsoft SQL Server\110\Tools\Binn\;C:\Program Files\Intel\WiFi\bin\;C:\Program Files\Common Files\Intel\WirelessCommon\;GRADLE_HOME\bin;C:\Java\jdk1.7.0_51\bin;;.;;.;;.;;.;
USERNAME=Ravish
OS=Windows_NT
PROCESSOR_IDENTIFIER=Intel64 Family 6 Model 58 Stepping 9, GenuineIntel



---------------  S Y S T E M  ---------------

OS: Windows 8 , 64 bit Build 9200 

CPU:total 8 (4 cores per cpu, 2 threads per core) family 6 model 58 stepping 9, cmov, cx8, fxsr, mmx, sse, sse2, sse3, ssse3, sse4.1, sse4.2, popcnt, avx, aes, erms, ht, tsc, tscinvbit, tscinv

Memory: 4k page, physical 8288616k(3288424k free), swap 13793640k(7796936k free)

vm_info: Java HotSpot(TM) 64-Bit Server VM (24.51-b03) for windows-amd64 JRE (1.7.0_51-b13), built on Dec 18 2013 18:40:56 by "java_re" with unknown MS VC++:1600

time: Sun Mar 30 13:21:12 2014
elapsed time: 0 seconds

